<?xml version="1.0" encoding="UTF-8"?>
<!-- Generated by org.testng.reporters.JUnitXMLReporter -->
<testsuite hostname="DESKTOP-N29E5RL" ignored="1" name="Test" tests="2" failures="0" timestamp="2020-04-25T11:52:45 EDT" time="0.143" errors="0">
  <testcase name="@BeforeClass openBrw" time="0.033" classname="utitlities.BaseClass">
    <failure type="java.lang.NullPointerException">
      <![CDATA[java.lang.NullPointerException
at utitlities.BaseClass.openBrw(BaseClass.java:35)
at java.util.ArrayList.forEach(ArrayList.java:1257)
... Removed 25 stack frames]]>
    </failure>
  </testcase> <!-- @BeforeClass openBrw -->
  <testcase name="@AfterClass closeBrw" time="-1.587829965731E9" classname="utitlities.BaseClass">
    <skipped/>
  </testcase> <!-- @AfterClass closeBrw -->
  <testcase name="@BeforeClass openBrw" time="0.0" classname="utitlities.BaseClass">
    <failure type="java.lang.NullPointerException">
      <![CDATA[java.lang.NullPointerException
at utitlities.BaseClass.openBrw(BaseClass.java:35)
at java.util.ArrayList.forEach(ArrayList.java:1257)
... Removed 25 stack frames]]>
    </failure>
  </testcase> <!-- @BeforeClass openBrw -->
  <testcase name="@AfterClass closeBrw" time="-1.587829965749E9" classname="utitlities.BaseClass">
    <skipped/>
  </testcase> <!-- @AfterClass closeBrw -->
  <testcase name="verifyLoginValidCred" time="0.0" classname="test_Script.Loging_Test">
    <skipped/>
  </testcase> <!-- verifyLoginValidCred -->
  <testcase name="filUpload" time="0.0" classname="test_Script.FileUpload_Test">
    <skipped/>
  </testcase> <!-- filUpload -->
  <testcase name="verifyLoginInValidCred" time="0.0" classname="test_Script.Loging_Test">
    <ignored/>
  </testcase> <!-- verifyLoginInValidCred -->
</testsuite> <!-- Test -->
