<?xml version="1.0" encoding="UTF-8"?>
<testng-results skipped="0" failed="0" ignored="1" total="2" passed="1">
  <reporter-output>
  </reporter-output>
  <suite name="Guru 99 Demy" duration-ms="24605" started-at="2020-04-25T12:25:30 EDT" finished-at="2020-04-25T12:25:55 EDT">
    <groups>
      <group name="smoke">
        <method signature="Loging_Test.verifyLoginValidCred()[pri:1, instance:test_Script.Loging_Test@4f970963]" name="verifyLoginValidCred" class="test_Script.Loging_Test"/>
      </group> <!-- smoke -->
    </groups>
    <test name="chrome" duration-ms="24605" started-at="2020-04-25T12:25:30 EDT" finished-at="2020-04-25T12:25:55 EDT">
      <class name="test_Script.Loging_Test">
        <test-method status="PASS" signature="openBrw(java.lang.String)[pri:0, instance:test_Script.Loging_Test@4f970963]" name="openBrw" is-config="true" duration-ms="15627" started-at="2020-04-25T12:25:30 EDT" finished-at="2020-04-25T12:25:46 EDT">
          <params>
            <param index="0">
              <value>
                <![CDATA[chrome]]>
              </value>
            </param>
          </params>
          <reporter-output>
          </reporter-output>
        </test-method> <!-- openBrw -->
        <test-method status="PASS" signature="verifyLoginValidCred()[pri:1, instance:test_Script.Loging_Test@4f970963]" name="verifyLoginValidCred" duration-ms="3182" started-at="2020-04-25T12:25:46 EDT" finished-at="2020-04-25T12:25:49 EDT">
          <reporter-output>
          </reporter-output>
        </test-method> <!-- verifyLoginValidCred -->
        <test-method status="PASS" signature="closeBrw()[pri:0, instance:test_Script.Loging_Test@4f970963]" name="closeBrw" is-config="true" duration-ms="5734" started-at="2020-04-25T12:25:49 EDT" finished-at="2020-04-25T12:25:55 EDT">
          <reporter-output>
          </reporter-output>
        </test-method> <!-- closeBrw -->
      </class> <!-- test_Script.Loging_Test -->
    </test> <!-- chrome -->
  </suite> <!-- Guru 99 Demy -->
</testng-results>
