<?xml version="1.0" encoding="UTF-8"?>
<!-- Generated by org.testng.reporters.JUnitXMLReporter -->
<testsuite hostname="DESKTOP-N29E5RL" ignored="1" name="chrome" tests="1" failures="0" timestamp="2020-04-26T15:01:31 EDT" time="26.092" errors="0">
  <testcase name="verifyLoginValidCred" time="3.948" classname="test_Script.Loging_Test"/>
  <testcase name="verifyLoginInValidCred" time="0.0" classname="test_Script.Loging_Test">
    <ignored/>
  </testcase> <!-- verifyLoginInValidCred -->
</testsuite> <!-- chrome -->
