<?xml version="1.0" encoding="UTF-8"?>
<!-- Generated by org.testng.reporters.JUnitXMLReporter -->
<testsuite hostname="DESKTOP-N29E5RL" ignored="1" name="firfox" tests="1" failures="0" timestamp="2020-04-26T15:01:47 EDT" time="41.769" errors="0">
  <testcase name="verifyLoginValidCred" time="4.416" classname="test_Script.Loging_Test"/>
  <testcase name="verifyLoginInValidCred" time="0.0" classname="test_Script.Loging_Test">
    <ignored/>
  </testcase> <!-- verifyLoginInValidCred -->
</testsuite> <!-- firfox -->
